
*** Running vivado
    with args -log Lab9.vds -m64 -product Vivado -mode batch -messageDb vivado.pb -notrace -source Lab9.tcl



****** Vivado v2021.1 (64-bit)
  **** SW Build 3247384 on Thu Jun 10 19:36:33 MDT 2021
  **** IP Build 3246043 on Fri Jun 11 00:30:35 MDT 2021
    ** Copyright 1986-2021 Xilinx, Inc. All Rights Reserved.

source Lab9.tcl -notrace
Command: synth_design -top Lab9 -part xc7a35tcpg236-1
Starting synth_design
Attempting to get a license for feature 'Synthesis' and/or device 'xc7a35t'
INFO: [Common 17-349] Got license for feature 'Synthesis' and/or device 'xc7a35t'
INFO: [Device 21-403] Loading part xc7a35tcpg236-1
INFO: [Synth 8-7079] Multithreading enabled for synth_design using a maximum of 2 processes.
INFO: [Synth 8-7078] Launching helper process for spawning children vivado processes
INFO: [Synth 8-7075] Helper process launched with PID 16064
---------------------------------------------------------------------------------
Starting RTL Elaboration : Time (s): cpu = 00:00:04 ; elapsed = 00:00:04 . Memory (MB): peak = 1119.035 ; gain = 0.000
---------------------------------------------------------------------------------
INFO: [Synth 8-6157] synthesizing module 'Lab9' [C:/Users/vince/Desktop/Vivado/lab9/lab9_top.v:1]
INFO: [Synth 8-6157] synthesizing module 'motor' [C:/Users/vince/Desktop/Vivado/lab9/motor.v:4]
INFO: [Synth 8-6157] synthesizing module 'motor_pwm' [C:/Users/vince/Desktop/Vivado/lab9/motor.v:71]
INFO: [Synth 8-6157] synthesizing module 'PWM_gen' [C:/Users/vince/Desktop/Vivado/lab9/motor.v:89]
INFO: [Synth 8-6155] done synthesizing module 'PWM_gen' (1#1) [C:/Users/vince/Desktop/Vivado/lab9/motor.v:89]
INFO: [Synth 8-6155] done synthesizing module 'motor_pwm' (2#1) [C:/Users/vince/Desktop/Vivado/lab9/motor.v:71]
INFO: [Synth 8-226] default block is never used [C:/Users/vince/Desktop/Vivado/lab9/motor.v:30]
INFO: [Synth 8-226] default block is never used [C:/Users/vince/Desktop/Vivado/lab9/motor.v:44]
INFO: [Synth 8-6155] done synthesizing module 'motor' (3#1) [C:/Users/vince/Desktop/Vivado/lab9/motor.v:4]
INFO: [Synth 8-6157] synthesizing module 'sonic_top' [C:/Users/vince/Desktop/Vivado/lab9/sonic.v:5]
INFO: [Synth 8-6157] synthesizing module 'div' [C:/Users/vince/Desktop/Vivado/lab9/sonic.v:114]
INFO: [Synth 8-6155] done synthesizing module 'div' (4#1) [C:/Users/vince/Desktop/Vivado/lab9/sonic.v:114]
INFO: [Synth 8-6157] synthesizing module 'TrigSignal' [C:/Users/vince/Desktop/Vivado/lab9/sonic.v:83]
INFO: [Synth 8-6155] done synthesizing module 'TrigSignal' (5#1) [C:/Users/vince/Desktop/Vivado/lab9/sonic.v:83]
INFO: [Synth 8-6157] synthesizing module 'PosCounter' [C:/Users/vince/Desktop/Vivado/lab9/sonic.v:22]
INFO: [Synth 8-155] case statement is not full and has no default [C:/Users/vince/Desktop/Vivado/lab9/sonic.v:47]
INFO: [Synth 8-6155] done synthesizing module 'PosCounter' (6#1) [C:/Users/vince/Desktop/Vivado/lab9/sonic.v:22]
INFO: [Synth 8-6155] done synthesizing module 'sonic_top' (7#1) [C:/Users/vince/Desktop/Vivado/lab9/sonic.v:5]
INFO: [Synth 8-6157] synthesizing module 'tracker_sensor' [C:/Users/vince/Desktop/Vivado/lab9/tracker_sensor.v:1]
INFO: [Synth 8-6155] done synthesizing module 'tracker_sensor' (8#1) [C:/Users/vince/Desktop/Vivado/lab9/tracker_sensor.v:1]
INFO: [Synth 8-6155] done synthesizing module 'Lab9' (9#1) [C:/Users/vince/Desktop/Vivado/lab9/lab9_top.v:1]
---------------------------------------------------------------------------------
Finished RTL Elaboration : Time (s): cpu = 00:00:05 ; elapsed = 00:00:05 . Memory (MB): peak = 1119.035 ; gain = 0.000
---------------------------------------------------------------------------------
---------------------------------------------------------------------------------
Start Handling Custom Attributes
---------------------------------------------------------------------------------
---------------------------------------------------------------------------------
Finished Handling Custom Attributes : Time (s): cpu = 00:00:05 ; elapsed = 00:00:05 . Memory (MB): peak = 1119.035 ; gain = 0.000
---------------------------------------------------------------------------------
---------------------------------------------------------------------------------
Finished RTL Optimization Phase 1 : Time (s): cpu = 00:00:05 ; elapsed = 00:00:05 . Memory (MB): peak = 1119.035 ; gain = 0.000
---------------------------------------------------------------------------------
Netlist sorting complete. Time (s): cpu = 00:00:00 ; elapsed = 00:00:00.008 . Memory (MB): peak = 1119.035 ; gain = 0.000
INFO: [Project 1-570] Preparing netlist for logic optimization

Processing XDC Constraints
Initializing timing engine
Parsing XDC File [C:/Users/vince/Desktop/Vivado/lab9/lab9_constrains.xdc]
Finished Parsing XDC File [C:/Users/vince/Desktop/Vivado/lab9/lab9_constrains.xdc]
INFO: [Project 1-236] Implementation specific constraints were found while reading constraint file [C:/Users/vince/Desktop/Vivado/lab9/lab9_constrains.xdc]. These constraints will be ignored for synthesis but will be used in implementation. Impacted constraints are listed in the file [.Xil/Lab9_propImpl.xdc].
Resolution: To avoid this warning, move constraints listed in [.Xil/Lab9_propImpl.xdc] to another XDC file and exclude this new file from synthesis with the used_in_synthesis property (File Properties dialog in GUI) and re-run elaboration/synthesis.
Completed Processing XDC Constraints

Netlist sorting complete. Time (s): cpu = 00:00:00 ; elapsed = 00:00:00 . Memory (MB): peak = 1119.035 ; gain = 0.000
INFO: [Project 1-111] Unisim Transformation Summary:
No Unisim elements were transformed.

Constraint Validation Runtime : Time (s): cpu = 00:00:00 ; elapsed = 00:00:00.004 . Memory (MB): peak = 1119.035 ; gain = 0.000
---------------------------------------------------------------------------------
Finished Constraint Validation : Time (s): cpu = 00:00:11 ; elapsed = 00:00:11 . Memory (MB): peak = 1119.035 ; gain = 0.000
---------------------------------------------------------------------------------
---------------------------------------------------------------------------------
Start Loading Part and Timing Information
---------------------------------------------------------------------------------
Loading part: xc7a35tcpg236-1
---------------------------------------------------------------------------------
Finished Loading Part and Timing Information : Time (s): cpu = 00:00:11 ; elapsed = 00:00:11 . Memory (MB): peak = 1119.035 ; gain = 0.000
---------------------------------------------------------------------------------
---------------------------------------------------------------------------------
Start Applying 'set_property' XDC Constraints
---------------------------------------------------------------------------------
---------------------------------------------------------------------------------
Finished applying 'set_property' XDC Constraints : Time (s): cpu = 00:00:11 ; elapsed = 00:00:11 . Memory (MB): peak = 1119.035 ; gain = 0.000
---------------------------------------------------------------------------------
INFO: [Synth 8-802] inferred FSM for state register 'curr_state_reg' in module 'PosCounter'
---------------------------------------------------------------------------------------------------
                   State |                     New Encoding |                Previous Encoding 
---------------------------------------------------------------------------------------------------
                      S0 |                              001 |                               00
                      S1 |                              010 |                               01
                      S2 |                              100 |                               10
---------------------------------------------------------------------------------------------------
INFO: [Synth 8-3354] encoded FSM with state register 'curr_state_reg' using encoding 'one-hot' in module 'PosCounter'
---------------------------------------------------------------------------------
Finished RTL Optimization Phase 2 : Time (s): cpu = 00:00:12 ; elapsed = 00:00:12 . Memory (MB): peak = 1119.035 ; gain = 0.000
---------------------------------------------------------------------------------
---------------------------------------------------------------------------------
Start RTL Component Statistics 
---------------------------------------------------------------------------------
Detailed RTL Component Info : 
+---Adders : 
	   2 Input   24 Bit       Adders := 1     
	   2 Input   20 Bit       Adders := 1     
	   2 Input    7 Bit       Adders := 2     
+---Registers : 
	               24 Bit    Registers := 1     
	               20 Bit    Registers := 2     
	               10 Bit    Registers := 2     
	                7 Bit    Registers := 1     
	                2 Bit    Registers := 2     
	                1 Bit    Registers := 6     
+---Muxes : 
	   3 Input   24 Bit        Muxes := 1     
	   3 Input   20 Bit        Muxes := 1     
	   4 Input   10 Bit        Muxes := 2     
	   2 Input    7 Bit        Muxes := 2     
	   4 Input    2 Bit        Muxes := 3     
	   3 Input    2 Bit        Muxes := 1     
	   2 Input    1 Bit        Muxes := 4     
	   3 Input    1 Bit        Muxes := 3     
---------------------------------------------------------------------------------
Finished RTL Component Statistics 
---------------------------------------------------------------------------------
---------------------------------------------------------------------------------
Start Part Resource Summary
---------------------------------------------------------------------------------
Part Resources:
DSPs: 90 (col length:60)
BRAMs: 100 (col length: RAMB18 60 RAMB36 30)
---------------------------------------------------------------------------------
Finished Part Resource Summary
---------------------------------------------------------------------------------
---------------------------------------------------------------------------------
Start Cross Boundary and Area Optimization
---------------------------------------------------------------------------------
DSP Report: Generating DSP pwm_0/count_duty0, operation Mode is: A*B.
DSP Report: operator pwm_0/count_duty0 is absorbed into DSP pwm_0/count_duty0.
DSP Report: operator pwm_0/count_duty0 is absorbed into DSP pwm_0/count_duty0.
DSP Report: Generating DSP pwm_0/count_duty0, operation Mode is: (A:0xfa0)*B.
DSP Report: operator pwm_0/count_duty0 is absorbed into DSP pwm_0/count_duty0.
DSP Report: operator pwm_0/count_duty0 is absorbed into DSP pwm_0/count_duty0.
DSP Report: Generating DSP B/u2/distance_count0, operation Mode is: A''*(B:0x11).
DSP Report: register B/u2/count_reg is absorbed into DSP B/u2/distance_count0.
DSP Report: register B/u2/distance_register_reg is absorbed into DSP B/u2/distance_count0.
DSP Report: operator B/u2/distance_count0 is absorbed into DSP B/u2/distance_count0.
---------------------------------------------------------------------------------
Finished Cross Boundary and Area Optimization : Time (s): cpu = 00:00:14 ; elapsed = 00:00:14 . Memory (MB): peak = 1119.035 ; gain = 0.000
---------------------------------------------------------------------------------
---------------------------------------------------------------------------------
Start ROM, RAM, DSP, Shift Register and Retiming Reporting
---------------------------------------------------------------------------------

DSP: Preliminary Mapping Report (see note below)
+------------+--------------+--------+--------+--------+--------+--------+------+------+------+------+-------+------+------+
|Module Name | DSP Mapping  | A Size | B Size | C Size | D Size | P Size | AREG | BREG | CREG | DREG | ADREG | MREG | PREG | 
+------------+--------------+--------+--------+--------+--------+--------+------+------+------+------+-------+------+------+
|PWM_gen     | A*B          | 14     | 11     | -      | -      | 48     | 0    | 0    | -    | -    | -     | 0    | 0    | 
|PWM_gen     | (A:0xfa0)*B  | 11     | 13     | -      | -      | 32     | 0    | 0    | -    | -    | -     | 0    | 0    | 
|Lab9        | A''*(B:0x11) | 20     | 5      | -      | -      | 25     | 2    | 0    | -    | -    | -     | 0    | 0    | 
+------------+--------------+--------+--------+--------+--------+--------+------+------+------+------+-------+------+------+

Note: The table above is a preliminary report that shows the DSPs inferred at the current stage of the synthesis flow. Some DSP may be reimplemented as non DSP primitives later in the synthesis flow. Multiple instantiated DSPs are reported only once.
---------------------------------------------------------------------------------
Finished ROM, RAM, DSP, Shift Register and Retiming Reporting
---------------------------------------------------------------------------------
---------------------------------------------------------------------------------
Start Applying XDC Timing Constraints
---------------------------------------------------------------------------------
---------------------------------------------------------------------------------
Finished Applying XDC Timing Constraints : Time (s): cpu = 00:00:23 ; elapsed = 00:00:23 . Memory (MB): peak = 1119.035 ; gain = 0.000
---------------------------------------------------------------------------------
---------------------------------------------------------------------------------
Start Timing Optimization
---------------------------------------------------------------------------------
---------------------------------------------------------------------------------
Finished Timing Optimization : Time (s): cpu = 00:00:23 ; elapsed = 00:00:24 . Memory (MB): peak = 1134.707 ; gain = 15.672
---------------------------------------------------------------------------------
---------------------------------------------------------------------------------
Start Technology Mapping
---------------------------------------------------------------------------------
---------------------------------------------------------------------------------
Finished Technology Mapping : Time (s): cpu = 00:00:24 ; elapsed = 00:00:24 . Memory (MB): peak = 1144.859 ; gain = 25.824
---------------------------------------------------------------------------------
---------------------------------------------------------------------------------
Start IO Insertion
---------------------------------------------------------------------------------
---------------------------------------------------------------------------------
Start Flattening Before IO Insertion
---------------------------------------------------------------------------------
---------------------------------------------------------------------------------
Finished Flattening Before IO Insertion
---------------------------------------------------------------------------------
---------------------------------------------------------------------------------
Start Final Netlist Cleanup
---------------------------------------------------------------------------------
---------------------------------------------------------------------------------
Finished Final Netlist Cleanup
---------------------------------------------------------------------------------
---------------------------------------------------------------------------------
Finished IO Insertion : Time (s): cpu = 00:00:27 ; elapsed = 00:00:27 . Memory (MB): peak = 1144.859 ; gain = 25.824
---------------------------------------------------------------------------------
---------------------------------------------------------------------------------
Start Renaming Generated Instances
---------------------------------------------------------------------------------
---------------------------------------------------------------------------------
Finished Renaming Generated Instances : Time (s): cpu = 00:00:27 ; elapsed = 00:00:27 . Memory (MB): peak = 1144.859 ; gain = 25.824
---------------------------------------------------------------------------------
---------------------------------------------------------------------------------
Start Rebuilding User Hierarchy
---------------------------------------------------------------------------------
---------------------------------------------------------------------------------
Finished Rebuilding User Hierarchy : Time (s): cpu = 00:00:27 ; elapsed = 00:00:27 . Memory (MB): peak = 1144.859 ; gain = 25.824
---------------------------------------------------------------------------------
---------------------------------------------------------------------------------
Start Renaming Generated Ports
---------------------------------------------------------------------------------
---------------------------------------------------------------------------------
Finished Renaming Generated Ports : Time (s): cpu = 00:00:27 ; elapsed = 00:00:27 . Memory (MB): peak = 1144.859 ; gain = 25.824
---------------------------------------------------------------------------------
---------------------------------------------------------------------------------
Start Handling Custom Attributes
---------------------------------------------------------------------------------
---------------------------------------------------------------------------------
Finished Handling Custom Attributes : Time (s): cpu = 00:00:27 ; elapsed = 00:00:27 . Memory (MB): peak = 1144.859 ; gain = 25.824
---------------------------------------------------------------------------------
---------------------------------------------------------------------------------
Start Renaming Generated Nets
---------------------------------------------------------------------------------
---------------------------------------------------------------------------------
Finished Renaming Generated Nets : Time (s): cpu = 00:00:27 ; elapsed = 00:00:27 . Memory (MB): peak = 1144.859 ; gain = 25.824
---------------------------------------------------------------------------------
---------------------------------------------------------------------------------
Start Writing Synthesis Report
---------------------------------------------------------------------------------

Report BlackBoxes: 
+-+--------------+----------+
| |BlackBox name |Instances |
+-+--------------+----------+
+-+--------------+----------+

Report Cell Usage: 
+------+--------+------+
|      |Cell    |Count |
+------+--------+------+
|1     |BUFG    |     1|
|2     |CARRY4  |    62|
|3     |DSP48E1 |     3|
|5     |LUT1    |     3|
|6     |LUT2    |   102|
|7     |LUT3    |    73|
|8     |LUT4    |    95|
|9     |LUT5    |    34|
|10    |LUT6    |    67|
|11    |FDCE    |    58|
|12    |FDRE    |    33|
|13    |IBUF    |     5|
|14    |OBUF    |    23|
+------+--------+------+
---------------------------------------------------------------------------------
Finished Writing Synthesis Report : Time (s): cpu = 00:00:27 ; elapsed = 00:00:27 . Memory (MB): peak = 1144.859 ; gain = 25.824
---------------------------------------------------------------------------------
Synthesis finished with 0 errors, 0 critical warnings and 0 warnings.
Synthesis Optimization Runtime : Time (s): cpu = 00:00:20 ; elapsed = 00:00:25 . Memory (MB): peak = 1144.859 ; gain = 25.824
Synthesis Optimization Complete : Time (s): cpu = 00:00:27 ; elapsed = 00:00:27 . Memory (MB): peak = 1144.859 ; gain = 25.824
INFO: [Project 1-571] Translating synthesized netlist
Netlist sorting complete. Time (s): cpu = 00:00:00 ; elapsed = 00:00:00.008 . Memory (MB): peak = 1153.918 ; gain = 0.000
INFO: [Netlist 29-17] Analyzing 65 Unisim elements for replacement
INFO: [Netlist 29-28] Unisim Transformation completed in 0 CPU seconds
INFO: [Project 1-570] Preparing netlist for logic optimization
INFO: [Opt 31-138] Pushed 0 inverter(s) to 0 load pin(s).
Netlist sorting complete. Time (s): cpu = 00:00:00 ; elapsed = 00:00:00 . Memory (MB): peak = 1164.117 ; gain = 0.000
INFO: [Project 1-111] Unisim Transformation Summary:
No Unisim elements were transformed.

Synth Design complete, checksum: 528a75a7
INFO: [Common 17-83] Releasing license: Synthesis
38 Infos, 0 Warnings, 0 Critical Warnings and 0 Errors encountered.
synth_design completed successfully
synth_design: Time (s): cpu = 00:00:30 ; elapsed = 00:00:31 . Memory (MB): peak = 1164.117 ; gain = 45.082
INFO: [Common 17-1381] The checkpoint 'C:/Users/vince/Desktop/Vivado/lab9/lab9.runs/synth_1/Lab9.dcp' has been generated.
INFO: [runtcl-4] Executing : report_utilization -file Lab9_utilization_synth.rpt -pb Lab9_utilization_synth.pb
INFO: [Common 17-206] Exiting Vivado at Wed Dec 29 15:11:37 2021...
