#-----------------------------------------------------------
# Vivado v2021.1 (64-bit)
# SW Build 3247384 on Thu Jun 10 19:36:33 MDT 2021
# IP Build 3246043 on Fri Jun 11 00:30:35 MDT 2021
# Start of session at: Mon Dec 27 23:48:48 2021
# Process ID: 21944
# Current directory: C:/Users/vince/Desktop/Vivado/lab9
# Command line: vivado.exe -gui_launcher_event rodinguilauncherevent13468 C:\Users\vince\Desktop\Vivado\lab9\lab9.xpr
# Log file: C:/Users/vince/Desktop/Vivado/lab9/vivado.log
# Journal file: C:/Users/vince/Desktop/Vivado/lab9\vivado.jou
#-----------------------------------------------------------
start_gui
open_project C:/Users/vince/Desktop/Vivado/lab9/lab9.xpr
WARNING: [filemgmt 56-3] Default IP Output Path : Could not find the directory 'C:/Users/vince/Desktop/Vivado/lab9/lab9.gen/sources_1'.
Scanning sources...
Finished scanning sources
INFO: [IP_Flow 19-234] Refreshing IP repositories
INFO: [IP_Flow 19-1704] No user IP repositories specified
INFO: [IP_Flow 19-2313] Loaded Vivado IP repository 'C:/Xilinx/Vivado/2021.1/data/ip'.
open_project: Time (s): cpu = 00:00:25 ; elapsed = 00:00:07 . Memory (MB): peak = 1117.992 ; gain = 0.000
update_compile_order -fileset sources_1
open_hw_manager
connect_hw_server -allow_non_jtag
INFO: [Labtools 27-2285] Connecting to hw_server url TCP:localhost:3121
INFO: [Labtools 27-2222] Launching hw_server...
INFO: [Labtools 27-2221] Launch Output:

****** Xilinx hw_server v2021.1
  **** Build date : Jun 10 2021 at 20:17:23
    ** Copyright 1986-2021 Xilinx, Inc. All Rights Reserved.


INFO: [Labtools 27-3415] Connecting to cs_server url TCP:localhost:3042
INFO: [Labtools 27-3417] Launching cs_server...
INFO: [Labtools 27-2221] Launch Output:


******** Xilinx cs_server v2021.1
  ****** Build date   : May 27 2021-01:32:33
    **** Build number : 2021.1.1622050353
      ** Copyright 2017-2021 Xilinx, Inc. All Rights Reserved.



connect_hw_server: Time (s): cpu = 00:00:01 ; elapsed = 00:00:09 . Memory (MB): peak = 1117.992 ; gain = 0.000
open_hw_target
INFO: [Labtoolstcl 44-466] Opening hw_target localhost:3121/xilinx_tcf/Digilent/210183711445A
open_hw_target: Time (s): cpu = 00:00:06 ; elapsed = 00:00:06 . Memory (MB): peak = 2741.062 ; gain = 1623.070
set_property PROGRAM.FILE {C:/Users/vince/Desktop/Vivado/lab9/lab9.runs/impl_1/Lab9.bit} [get_hw_devices xc7a35t_0]
current_hw_device [get_hw_devices xc7a35t_0]
refresh_hw_device -update_hw_probes false [lindex [get_hw_devices xc7a35t_0] 0]
INFO: [Labtools 27-1435] Device xc7a35t (JTAG device index = 0) is not programmed (DONE status = 0).
set_property PROBES.FILE {} [get_hw_devices xc7a35t_0]
set_property FULL_PROBES.FILE {} [get_hw_devices xc7a35t_0]
set_property PROGRAM.FILE {C:/Users/vince/Desktop/Vivado/lab9/lab9.runs/impl_1/Lab9.bit} [get_hw_devices xc7a35t_0]
program_hw_devices [get_hw_devices xc7a35t_0]
INFO: [Labtools 27-3164] End of startup status: HIGH
refresh_hw_device [lindex [get_hw_devices xc7a35t_0] 0]
INFO: [Labtools 27-1434] Device xc7a35t (JTAG device index = 0) is programmed with a design that has no supported debug core(s) in it.
close_hw_manager
reset_run synth_1
launch_runs impl_1 -to_step write_bitstream -jobs 16
[Tue Dec 28 00:02:42 2021] Launched synth_1...
Run output will be captured here: C:/Users/vince/Desktop/Vivado/lab9/lab9.runs/synth_1/runme.log
[Tue Dec 28 00:02:43 2021] Launched impl_1...
Run output will be captured here: C:/Users/vince/Desktop/Vivado/lab9/lab9.runs/impl_1/runme.log
open_hw_manager
connect_hw_server -allow_non_jtag
INFO: [Labtools 27-2285] Connecting to hw_server url TCP:localhost:3121
INFO: [Labtools 27-2222] Launching hw_server...
INFO: [Labtools 27-2221] Launch Output:

****** Xilinx hw_server v2021.1
  **** Build date : Jun 10 2021 at 20:17:23
    ** Copyright 1986-2021 Xilinx, Inc. All Rights Reserved.


INFO: [Labtools 27-3415] Connecting to cs_server url TCP:localhost:3042
INFO: [Labtools 27-3417] Launching cs_server...
INFO: [Labtools 27-2221] Launch Output:


******** Xilinx cs_server v2021.1
  ****** Build date   : May 27 2021-01:32:33
    **** Build number : 2021.1.1622050353
      ** Copyright 2017-2021 Xilinx, Inc. All Rights Reserved.



connect_hw_server: Time (s): cpu = 00:00:00 ; elapsed = 00:00:09 . Memory (MB): peak = 2813.840 ; gain = 0.000
open_hw_target
INFO: [Labtoolstcl 44-466] Opening hw_target localhost:3121/xilinx_tcf/Digilent/210183711445A
set_property PROGRAM.FILE {C:/Users/vince/Desktop/Vivado/lab9/lab9.runs/impl_1/Lab9.bit} [get_hw_devices xc7a35t_0]
current_hw_device [get_hw_devices xc7a35t_0]
refresh_hw_device -update_hw_probes false [lindex [get_hw_devices xc7a35t_0] 0]
INFO: [Labtools 27-1434] Device xc7a35t (JTAG device index = 0) is programmed with a design that has no supported debug core(s) in it.
set_property PROBES.FILE {} [get_hw_devices xc7a35t_0]
set_property FULL_PROBES.FILE {} [get_hw_devices xc7a35t_0]
set_property PROGRAM.FILE {C:/Users/vince/Desktop/Vivado/lab9/lab9.runs/impl_1/Lab9.bit} [get_hw_devices xc7a35t_0]
program_hw_devices [get_hw_devices xc7a35t_0]
INFO: [Labtools 27-3164] End of startup status: HIGH
refresh_hw_device [lindex [get_hw_devices xc7a35t_0] 0]
INFO: [Labtools 27-1434] Device xc7a35t (JTAG device index = 0) is programmed with a design that has no supported debug core(s) in it.
reset_run synth_1
launch_runs impl_1 -to_step write_bitstream -jobs 16
[Tue Dec 28 00:09:16 2021] Launched synth_1...
Run output will be captured here: C:/Users/vince/Desktop/Vivado/lab9/lab9.runs/synth_1/runme.log
[Tue Dec 28 00:09:16 2021] Launched impl_1...
Run output will be captured here: C:/Users/vince/Desktop/Vivado/lab9/lab9.runs/impl_1/runme.log
set_property PROBES.FILE {} [get_hw_devices xc7a35t_0]
set_property FULL_PROBES.FILE {} [get_hw_devices xc7a35t_0]
set_property PROGRAM.FILE {C:/Users/vince/Desktop/Vivado/lab9/lab9.runs/impl_1/Lab9.bit} [get_hw_devices xc7a35t_0]
program_hw_devices [get_hw_devices xc7a35t_0]
INFO: [Labtools 27-3164] End of startup status: HIGH
refresh_hw_device [lindex [get_hw_devices xc7a35t_0] 0]
INFO: [Labtools 27-1434] Device xc7a35t (JTAG device index = 0) is programmed with a design that has no supported debug core(s) in it.
reset_run synth_1
launch_runs impl_1 -to_step write_bitstream -jobs 16
[Tue Dec 28 00:15:11 2021] Launched synth_1...
Run output will be captured here: C:/Users/vince/Desktop/Vivado/lab9/lab9.runs/synth_1/runme.log
[Tue Dec 28 00:15:11 2021] Launched impl_1...
Run output will be captured here: C:/Users/vince/Desktop/Vivado/lab9/lab9.runs/impl_1/runme.log
set_property PROBES.FILE {} [get_hw_devices xc7a35t_0]
set_property FULL_PROBES.FILE {} [get_hw_devices xc7a35t_0]
set_property PROGRAM.FILE {C:/Users/vince/Desktop/Vivado/lab9/lab9.runs/impl_1/Lab9.bit} [get_hw_devices xc7a35t_0]
program_hw_devices [get_hw_devices xc7a35t_0]
INFO: [Labtools 27-3164] End of startup status: HIGH
refresh_hw_device [lindex [get_hw_devices xc7a35t_0] 0]
INFO: [Labtools 27-1434] Device xc7a35t (JTAG device index = 0) is programmed with a design that has no supported debug core(s) in it.
reset_run synth_1
launch_runs impl_1 -to_step write_bitstream -jobs 16
[Tue Dec 28 00:19:31 2021] Launched synth_1...
Run output will be captured here: C:/Users/vince/Desktop/Vivado/lab9/lab9.runs/synth_1/runme.log
[Tue Dec 28 00:19:31 2021] Launched impl_1...
Run output will be captured here: C:/Users/vince/Desktop/Vivado/lab9/lab9.runs/impl_1/runme.log
reset_run synth_1
WARNING: [Vivado 12-1017] Problems encountered:
1. Failed to reset run step 
2. Failed to delete one or more files in run directory C:/Users/vince/Desktop/Vivado/lab9/lab9.runs/synth_1

launch_runs impl_1 -to_step write_bitstream -jobs 16
[Tue Dec 28 00:19:51 2021] Launched synth_1...
Run output will be captured here: C:/Users/vince/Desktop/Vivado/lab9/lab9.runs/synth_1/runme.log
[Tue Dec 28 00:19:51 2021] Launched impl_1...
Run output will be captured here: C:/Users/vince/Desktop/Vivado/lab9/lab9.runs/impl_1/runme.log
reset_run synth_1
WARNING: [Vivado 12-1017] Problems encountered:
1. PID not specified

launch_runs impl_1 -to_step write_bitstream -jobs 16
[Tue Dec 28 00:19:59 2021] Launched synth_1...
Run output will be captured here: C:/Users/vince/Desktop/Vivado/lab9/lab9.runs/synth_1/runme.log
[Tue Dec 28 00:19:59 2021] Launched impl_1...
Run output will be captured here: C:/Users/vince/Desktop/Vivado/lab9/lab9.runs/impl_1/runme.log
ERROR: [Labtoolstcl 44-513] HW Target shutdown. Closing target: localhost:3121/xilinx_tcf/Digilent/210183711445A
INFO: [Labtoolstcl 44-466] Opening hw_target localhost:3121/xilinx_tcf/Digilent/210183711445A
ERROR: [Labtools 27-2269] No devices detected on target localhost:3121/xilinx_tcf/Digilent/210183711445A.
Check cable connectivity and that the target board is powered up then
use the disconnect_hw_server and connect_hw_server to re-register this hardware target.
ERROR: [Common 17-39] 'open_hw_target' failed due to earlier errors.
ERROR: [Labtoolstcl 44-513] HW Target shutdown. Closing target: localhost:3121/xilinx_tcf/Digilent/210183711445A
INFO: [Labtoolstcl 44-466] Opening hw_target localhost:3121/xilinx_tcf/Digilent/210183711445A
INFO: [Labtools 27-1435] Device xc7a35t (JTAG device index = 0) is not programmed (DONE status = 0).
WARNING: [Labtoolstcl 44-129] No matching hw_ila_data was found.
ERROR: [Labtoolstcl 44-513] HW Target shutdown. Closing target: localhost:3121/xilinx_tcf/Digilent/210183711445A
INFO: [Labtoolstcl 44-466] Opening hw_target localhost:3121/xilinx_tcf/Digilent/210183711445A
INFO: [Labtools 27-1435] Device xc7a35t (JTAG device index = 0) is not programmed (DONE status = 0).
WARNING: [Labtoolstcl 44-129] No matching hw_ila_data was found.
ERROR: [Labtoolstcl 44-513] HW Target shutdown. Closing target: localhost:3121/xilinx_tcf/Digilent/210183711445A
