#-----------------------------------------------------------
# Vivado v2021.1 (64-bit)
# SW Build 3247384 on Thu Jun 10 19:36:33 MDT 2021
# IP Build 3246043 on Fri Jun 11 00:30:35 MDT 2021
# Start of session at: Wed Dec 29 16:15:14 2021
# Process ID: 8392
# Current directory: C:/Users/vince/Desktop/Vivado/lab9
# Command line: vivado.exe -gui_launcher_event rodinguilauncherevent32 C:\Users\vince\Desktop\Vivado\lab9\lab9.xpr
# Log file: C:/Users/vince/Desktop/Vivado/lab9/vivado.log
# Journal file: C:/Users/vince/Desktop/Vivado/lab9\vivado.jou
#-----------------------------------------------------------
start_gui
open_project C:/Users/vince/Desktop/Vivado/lab9/lab9.xpr
WARNING: [filemgmt 56-3] Default IP Output Path : Could not find the directory 'C:/Users/vince/Desktop/Vivado/lab9/lab9.gen/sources_1'.
Scanning sources...
Finished scanning sources
INFO: [IP_Flow 19-234] Refreshing IP repositories
INFO: [IP_Flow 19-1704] No user IP repositories specified
INFO: [IP_Flow 19-2313] Loaded Vivado IP repository 'C:/Xilinx/Vivado/2021.1/data/ip'.
open_project: Time (s): cpu = 00:00:17 ; elapsed = 00:00:06 . Memory (MB): peak = 1117.332 ; gain = 0.000
not ready
[Wed Dec 29 16:15:34 2021] Launched impl_1...
Run output will be captured here: C:/Users/vince/Desktop/Vivado/lab9/lab9.runs/impl_1/runme.log
INFO: [Labtools 27-2285] Connecting to hw_server url TCP:localhost:3121
INFO: [Labtools 27-2222] Launching hw_server...
INFO: [Labtools 27-2221] Launch Output:

****** Xilinx hw_server v2021.1
  **** Build date : Jun 10 2021 at 20:17:23
    ** Copyright 1986-2021 Xilinx, Inc. All Rights Reserved.


INFO: [Labtools 27-3415] Connecting to cs_server url TCP:localhost:3042
INFO: [Labtools 27-3417] Launching cs_server...
INFO: [Labtools 27-2221] Launch Output:


******** Xilinx cs_server v2021.1
  ****** Build date   : May 27 2021-01:32:33
    **** Build number : 2021.1.1622050353
      ** Copyright 2017-2021 Xilinx, Inc. All Rights Reserved.



connect_hw_server: Time (s): cpu = 00:00:01 ; elapsed = 00:00:09 . Memory (MB): peak = 1117.332 ; gain = 0.000
INFO: [Labtoolstcl 44-466] Opening hw_target localhost:3121/xilinx_tcf/Digilent/210183711445A
open_hw_target: Time (s): cpu = 00:00:06 ; elapsed = 00:00:06 . Memory (MB): peak = 2733.633 ; gain = 1616.301
INFO: [Labtools 27-1435] Device xc7a35t (JTAG device index = 0) is not programmed (DONE status = 0).
INFO: [Labtools 27-3164] End of startup status: HIGH
INFO: [Labtools 27-1434] Device xc7a35t (JTAG device index = 0) is programmed with a design that has no supported debug core(s) in it.
ERROR: [Labtoolstcl 44-513] HW Target shutdown. Closing target: localhost:3121/xilinx_tcf/Digilent/210183711445A
INFO: [Common 17-206] Exiting Vivado at Wed Dec 29 16:17:40 2021...
