#-----------------------------------------------------------
# Vivado v2021.1 (64-bit)
# SW Build 3247384 on Thu Jun 10 19:36:33 MDT 2021
# IP Build 3246043 on Fri Jun 11 00:30:35 MDT 2021
# Start of session at: Sat Nov 27 21:48:52 2021
# Process ID: 23204
# Current directory: C:/Users/vince/Desktop/Vivado/diaplay_demo2
# Command line: vivado.exe -gui_launcher_event rodinguilauncherevent23028 C:\Users\vince\Desktop\Vivado\diaplay_demo2\diaplay_demo2.xpr
# Log file: C:/Users/vince/Desktop/Vivado/diaplay_demo2/vivado.log
# Journal file: C:/Users/vince/Desktop/Vivado/diaplay_demo2\vivado.jou
#-----------------------------------------------------------
start_gui
open_project C:/Users/vince/Desktop/Vivado/diaplay_demo2/diaplay_demo2.xpr
Scanning sources...
Finished scanning sources
INFO: [IP_Flow 19-234] Refreshing IP repositories
INFO: [IP_Flow 19-1704] No user IP repositories specified
INFO: [IP_Flow 19-2313] Loaded Vivado IP repository 'C:/Xilinx/Vivado/2021.1/data/ip'.
open_project: Time (s): cpu = 00:00:17 ; elapsed = 00:00:07 . Memory (MB): peak = 1117.488 ; gain = 0.000
update_compile_order -fileset sources_1
WARNING: [IP_Flow 19-4067] Ignoring invalid widget type specified checkbox.Providing a default widget
WARNING: [IP_Flow 19-4067] Ignoring invalid widget type specified checkbox.Providing a default widget
exit
INFO: [Common 17-206] Exiting Vivado at Sat Nov 27 21:57:34 2021...
