Copyright 1986-2021 Xilinx, Inc. All Rights Reserved.
------------------------------------------------------------------------------------------------------------
| Tool Version : Vivado v.2021.1 (win64) Build 3247384 Thu Jun 10 19:36:33 MDT 2021
| Date         : Tue Oct 12 12:27:32 2021
| Host         : LAPTOP-97HEA2HM running 64-bit major release  (build 9200)
| Command      : report_drc -file lab3_2_drc_routed.rpt -pb lab3_2_drc_routed.pb -rpx lab3_2_drc_routed.rpx
| Design       : lab3_2
| Device       : xc7a35tcpg236-1
| Speed File   : -1
| Design State : Fully Routed
------------------------------------------------------------------------------------------------------------

Report DRC

Table of Contents
-----------------
1. REPORT SUMMARY
2. REPORT DETAILS

1. REPORT SUMMARY
-----------------
            Netlist: netlist
          Floorplan: design_1
      Design limits: <entire design considered>
           Ruledeck: default
             Max violations: <unlimited>
             Violations found: 80
+----------+----------+-------------------+------------+
| Rule     | Severity | Description       | Violations |
+----------+----------+-------------------+------------+
| PDRC-153 | Warning  | Gated clock check | 80         |
+----------+----------+-------------------+------------+

2. REPORT DETAILS
-----------------
PDRC-153#1 Warning
Gated clock check  
Net c_26/rst_0 is a gated clock net sourced by a combinational pin c_26/led_state_reg[16]_LDC_i_1/O, cell c_26/led_state_reg[16]_LDC_i_1. This is not good design practice and will likely impact performance. For SLICE registers, for example, use the CE pin to control the loading of data.
Related violations: <none>

PDRC-153#2 Warning
Gated clock check  
Net c_26/rst_10 is a gated clock net sourced by a combinational pin c_26/led_state_reg[21]_LDC_i_1/O, cell c_26/led_state_reg[21]_LDC_i_1. This is not good design practice and will likely impact performance. For SLICE registers, for example, use the CE pin to control the loading of data.
Related violations: <none>

PDRC-153#3 Warning
Gated clock check  
Net c_26/rst_12 is a gated clock net sourced by a combinational pin c_26/led_state_reg[22]_LDC_i_1/O, cell c_26/led_state_reg[22]_LDC_i_1. This is not good design practice and will likely impact performance. For SLICE registers, for example, use the CE pin to control the loading of data.
Related violations: <none>

PDRC-153#4 Warning
Gated clock check  
Net c_26/rst_14 is a gated clock net sourced by a combinational pin c_26/led_state_reg[25]_LDC_i_1/O, cell c_26/led_state_reg[25]_LDC_i_1. This is not good design practice and will likely impact performance. For SLICE registers, for example, use the CE pin to control the loading of data.
Related violations: <none>

PDRC-153#5 Warning
Gated clock check  
Net c_26/rst_16 is a gated clock net sourced by a combinational pin c_26/led_state_reg[26]_LDC_i_1/O, cell c_26/led_state_reg[26]_LDC_i_1. This is not good design practice and will likely impact performance. For SLICE registers, for example, use the CE pin to control the loading of data.
Related violations: <none>

PDRC-153#6 Warning
Gated clock check  
Net c_26/rst_18 is a gated clock net sourced by a combinational pin c_26/led_state_reg[27]_LDC_i_1/O, cell c_26/led_state_reg[27]_LDC_i_1. This is not good design practice and will likely impact performance. For SLICE registers, for example, use the CE pin to control the loading of data.
Related violations: <none>

PDRC-153#7 Warning
Gated clock check  
Net c_26/rst_2 is a gated clock net sourced by a combinational pin c_26/led_state_reg[17]_LDC_i_1/O, cell c_26/led_state_reg[17]_LDC_i_1. This is not good design practice and will likely impact performance. For SLICE registers, for example, use the CE pin to control the loading of data.
Related violations: <none>

PDRC-153#8 Warning
Gated clock check  
Net c_26/rst_20 is a gated clock net sourced by a combinational pin c_26/led_state_reg[28]_LDC_i_1/O, cell c_26/led_state_reg[28]_LDC_i_1. This is not good design practice and will likely impact performance. For SLICE registers, for example, use the CE pin to control the loading of data.
Related violations: <none>

PDRC-153#9 Warning
Gated clock check  
Net c_26/rst_22 is a gated clock net sourced by a combinational pin c_26/led_state_reg[29]_LDC_i_1/O, cell c_26/led_state_reg[29]_LDC_i_1. This is not good design practice and will likely impact performance. For SLICE registers, for example, use the CE pin to control the loading of data.
Related violations: <none>

PDRC-153#10 Warning
Gated clock check  
Net c_26/rst_24 is a gated clock net sourced by a combinational pin c_26/led_state_reg[30]_LDC_i_1/O, cell c_26/led_state_reg[30]_LDC_i_1. This is not good design practice and will likely impact performance. For SLICE registers, for example, use the CE pin to control the loading of data.
Related violations: <none>

PDRC-153#11 Warning
Gated clock check  
Net c_26/rst_26 is a gated clock net sourced by a combinational pin c_26/led_state_reg[31]_LDC_i_1/O, cell c_26/led_state_reg[31]_LDC_i_1. This is not good design practice and will likely impact performance. For SLICE registers, for example, use the CE pin to control the loading of data.
Related violations: <none>

PDRC-153#12 Warning
Gated clock check  
Net c_26/rst_28 is a gated clock net sourced by a combinational pin c_26/led_state_reg[23]_LDC_i_1/O, cell c_26/led_state_reg[23]_LDC_i_1. This is not good design practice and will likely impact performance. For SLICE registers, for example, use the CE pin to control the loading of data.
Related violations: <none>

PDRC-153#13 Warning
Gated clock check  
Net c_26/rst_30 is a gated clock net sourced by a combinational pin c_26/led_state_reg[24]_LDC_i_1/O, cell c_26/led_state_reg[24]_LDC_i_1. This is not good design practice and will likely impact performance. For SLICE registers, for example, use the CE pin to control the loading of data.
Related violations: <none>

PDRC-153#14 Warning
Gated clock check  
Net c_26/rst_4 is a gated clock net sourced by a combinational pin c_26/led_state_reg[18]_LDC_i_1/O, cell c_26/led_state_reg[18]_LDC_i_1. This is not good design practice and will likely impact performance. For SLICE registers, for example, use the CE pin to control the loading of data.
Related violations: <none>

PDRC-153#15 Warning
Gated clock check  
Net c_26/rst_6 is a gated clock net sourced by a combinational pin c_26/led_state_reg[19]_LDC_i_1/O, cell c_26/led_state_reg[19]_LDC_i_1. This is not good design practice and will likely impact performance. For SLICE registers, for example, use the CE pin to control the loading of data.
Related violations: <none>

PDRC-153#16 Warning
Gated clock check  
Net c_26/rst_8 is a gated clock net sourced by a combinational pin c_26/led_state_reg[20]_LDC_i_1/O, cell c_26/led_state_reg[20]_LDC_i_1. This is not good design practice and will likely impact performance. For SLICE registers, for example, use the CE pin to control the loading of data.
Related violations: <none>

PDRC-153#17 Warning
Gated clock check  
Net cycle_reg[0]_LDC_i_1_n_0 is a gated clock net sourced by a combinational pin cycle_reg[0]_LDC_i_1/O, cell cycle_reg[0]_LDC_i_1. This is not good design practice and will likely impact performance. For SLICE registers, for example, use the CE pin to control the loading of data.
Related violations: <none>

PDRC-153#18 Warning
Gated clock check  
Net cycle_reg[10]_LDC_i_1_n_0 is a gated clock net sourced by a combinational pin cycle_reg[10]_LDC_i_1/O, cell cycle_reg[10]_LDC_i_1. This is not good design practice and will likely impact performance. For SLICE registers, for example, use the CE pin to control the loading of data.
Related violations: <none>

PDRC-153#19 Warning
Gated clock check  
Net cycle_reg[11]_LDC_i_1_n_0 is a gated clock net sourced by a combinational pin cycle_reg[11]_LDC_i_1/O, cell cycle_reg[11]_LDC_i_1. This is not good design practice and will likely impact performance. For SLICE registers, for example, use the CE pin to control the loading of data.
Related violations: <none>

PDRC-153#20 Warning
Gated clock check  
Net cycle_reg[12]_LDC_i_1_n_0 is a gated clock net sourced by a combinational pin cycle_reg[12]_LDC_i_1/O, cell cycle_reg[12]_LDC_i_1. This is not good design practice and will likely impact performance. For SLICE registers, for example, use the CE pin to control the loading of data.
Related violations: <none>

PDRC-153#21 Warning
Gated clock check  
Net cycle_reg[13]_LDC_i_1_n_0 is a gated clock net sourced by a combinational pin cycle_reg[13]_LDC_i_1/O, cell cycle_reg[13]_LDC_i_1. This is not good design practice and will likely impact performance. For SLICE registers, for example, use the CE pin to control the loading of data.
Related violations: <none>

PDRC-153#22 Warning
Gated clock check  
Net cycle_reg[14]_LDC_i_1_n_0 is a gated clock net sourced by a combinational pin cycle_reg[14]_LDC_i_1/O, cell cycle_reg[14]_LDC_i_1. This is not good design practice and will likely impact performance. For SLICE registers, for example, use the CE pin to control the loading of data.
Related violations: <none>

PDRC-153#23 Warning
Gated clock check  
Net cycle_reg[15]_LDC_i_1_n_0 is a gated clock net sourced by a combinational pin cycle_reg[15]_LDC_i_1/O, cell cycle_reg[15]_LDC_i_1. This is not good design practice and will likely impact performance. For SLICE registers, for example, use the CE pin to control the loading of data.
Related violations: <none>

PDRC-153#24 Warning
Gated clock check  
Net cycle_reg[16]_LDC_i_1_n_0 is a gated clock net sourced by a combinational pin cycle_reg[16]_LDC_i_1/O, cell cycle_reg[16]_LDC_i_1. This is not good design practice and will likely impact performance. For SLICE registers, for example, use the CE pin to control the loading of data.
Related violations: <none>

PDRC-153#25 Warning
Gated clock check  
Net cycle_reg[17]_LDC_i_1_n_0 is a gated clock net sourced by a combinational pin cycle_reg[17]_LDC_i_1/O, cell cycle_reg[17]_LDC_i_1. This is not good design practice and will likely impact performance. For SLICE registers, for example, use the CE pin to control the loading of data.
Related violations: <none>

PDRC-153#26 Warning
Gated clock check  
Net cycle_reg[18]_LDC_i_1_n_0 is a gated clock net sourced by a combinational pin cycle_reg[18]_LDC_i_1/O, cell cycle_reg[18]_LDC_i_1. This is not good design practice and will likely impact performance. For SLICE registers, for example, use the CE pin to control the loading of data.
Related violations: <none>

PDRC-153#27 Warning
Gated clock check  
Net cycle_reg[19]_LDC_i_1_n_0 is a gated clock net sourced by a combinational pin cycle_reg[19]_LDC_i_1/O, cell cycle_reg[19]_LDC_i_1. This is not good design practice and will likely impact performance. For SLICE registers, for example, use the CE pin to control the loading of data.
Related violations: <none>

PDRC-153#28 Warning
Gated clock check  
Net cycle_reg[1]_LDC_i_1_n_0 is a gated clock net sourced by a combinational pin cycle_reg[1]_LDC_i_1/O, cell cycle_reg[1]_LDC_i_1. This is not good design practice and will likely impact performance. For SLICE registers, for example, use the CE pin to control the loading of data.
Related violations: <none>

PDRC-153#29 Warning
Gated clock check  
Net cycle_reg[20]_LDC_i_1_n_0 is a gated clock net sourced by a combinational pin cycle_reg[20]_LDC_i_1/O, cell cycle_reg[20]_LDC_i_1. This is not good design practice and will likely impact performance. For SLICE registers, for example, use the CE pin to control the loading of data.
Related violations: <none>

PDRC-153#30 Warning
Gated clock check  
Net cycle_reg[21]_LDC_i_1_n_0 is a gated clock net sourced by a combinational pin cycle_reg[21]_LDC_i_1/O, cell cycle_reg[21]_LDC_i_1. This is not good design practice and will likely impact performance. For SLICE registers, for example, use the CE pin to control the loading of data.
Related violations: <none>

PDRC-153#31 Warning
Gated clock check  
Net cycle_reg[22]_LDC_i_1_n_0 is a gated clock net sourced by a combinational pin cycle_reg[22]_LDC_i_1/O, cell cycle_reg[22]_LDC_i_1. This is not good design practice and will likely impact performance. For SLICE registers, for example, use the CE pin to control the loading of data.
Related violations: <none>

PDRC-153#32 Warning
Gated clock check  
Net cycle_reg[23]_LDC_i_1_n_0 is a gated clock net sourced by a combinational pin cycle_reg[23]_LDC_i_1/O, cell cycle_reg[23]_LDC_i_1. This is not good design practice and will likely impact performance. For SLICE registers, for example, use the CE pin to control the loading of data.
Related violations: <none>

PDRC-153#33 Warning
Gated clock check  
Net cycle_reg[24]_LDC_i_1_n_0 is a gated clock net sourced by a combinational pin cycle_reg[24]_LDC_i_1/O, cell cycle_reg[24]_LDC_i_1. This is not good design practice and will likely impact performance. For SLICE registers, for example, use the CE pin to control the loading of data.
Related violations: <none>

PDRC-153#34 Warning
Gated clock check  
Net cycle_reg[25]_LDC_i_1_n_0 is a gated clock net sourced by a combinational pin cycle_reg[25]_LDC_i_1/O, cell cycle_reg[25]_LDC_i_1. This is not good design practice and will likely impact performance. For SLICE registers, for example, use the CE pin to control the loading of data.
Related violations: <none>

PDRC-153#35 Warning
Gated clock check  
Net cycle_reg[26]_LDC_i_1_n_0 is a gated clock net sourced by a combinational pin cycle_reg[26]_LDC_i_1/O, cell cycle_reg[26]_LDC_i_1. This is not good design practice and will likely impact performance. For SLICE registers, for example, use the CE pin to control the loading of data.
Related violations: <none>

PDRC-153#36 Warning
Gated clock check  
Net cycle_reg[27]_LDC_i_1_n_0 is a gated clock net sourced by a combinational pin cycle_reg[27]_LDC_i_1/O, cell cycle_reg[27]_LDC_i_1. This is not good design practice and will likely impact performance. For SLICE registers, for example, use the CE pin to control the loading of data.
Related violations: <none>

PDRC-153#37 Warning
Gated clock check  
Net cycle_reg[28]_LDC_i_1_n_0 is a gated clock net sourced by a combinational pin cycle_reg[28]_LDC_i_1/O, cell cycle_reg[28]_LDC_i_1. This is not good design practice and will likely impact performance. For SLICE registers, for example, use the CE pin to control the loading of data.
Related violations: <none>

PDRC-153#38 Warning
Gated clock check  
Net cycle_reg[29]_LDC_i_1_n_0 is a gated clock net sourced by a combinational pin cycle_reg[29]_LDC_i_1/O, cell cycle_reg[29]_LDC_i_1. This is not good design practice and will likely impact performance. For SLICE registers, for example, use the CE pin to control the loading of data.
Related violations: <none>

PDRC-153#39 Warning
Gated clock check  
Net cycle_reg[2]_LDC_i_1_n_0 is a gated clock net sourced by a combinational pin cycle_reg[2]_LDC_i_1/O, cell cycle_reg[2]_LDC_i_1. This is not good design practice and will likely impact performance. For SLICE registers, for example, use the CE pin to control the loading of data.
Related violations: <none>

PDRC-153#40 Warning
Gated clock check  
Net cycle_reg[30]_LDC_i_1_n_0 is a gated clock net sourced by a combinational pin cycle_reg[30]_LDC_i_1/O, cell cycle_reg[30]_LDC_i_1. This is not good design practice and will likely impact performance. For SLICE registers, for example, use the CE pin to control the loading of data.
Related violations: <none>

PDRC-153#41 Warning
Gated clock check  
Net cycle_reg[31]_LDC_i_1_n_0 is a gated clock net sourced by a combinational pin cycle_reg[31]_LDC_i_1/O, cell cycle_reg[31]_LDC_i_1. This is not good design practice and will likely impact performance. For SLICE registers, for example, use the CE pin to control the loading of data.
Related violations: <none>

PDRC-153#42 Warning
Gated clock check  
Net cycle_reg[3]_LDC_i_1_n_0 is a gated clock net sourced by a combinational pin cycle_reg[3]_LDC_i_1/O, cell cycle_reg[3]_LDC_i_1. This is not good design practice and will likely impact performance. For SLICE registers, for example, use the CE pin to control the loading of data.
Related violations: <none>

PDRC-153#43 Warning
Gated clock check  
Net cycle_reg[4]_LDC_i_1_n_0 is a gated clock net sourced by a combinational pin cycle_reg[4]_LDC_i_1/O, cell cycle_reg[4]_LDC_i_1. This is not good design practice and will likely impact performance. For SLICE registers, for example, use the CE pin to control the loading of data.
Related violations: <none>

PDRC-153#44 Warning
Gated clock check  
Net cycle_reg[5]_LDC_i_1_n_0 is a gated clock net sourced by a combinational pin cycle_reg[5]_LDC_i_1/O, cell cycle_reg[5]_LDC_i_1. This is not good design practice and will likely impact performance. For SLICE registers, for example, use the CE pin to control the loading of data.
Related violations: <none>

PDRC-153#45 Warning
Gated clock check  
Net cycle_reg[6]_LDC_i_1_n_0 is a gated clock net sourced by a combinational pin cycle_reg[6]_LDC_i_1/O, cell cycle_reg[6]_LDC_i_1. This is not good design practice and will likely impact performance. For SLICE registers, for example, use the CE pin to control the loading of data.
Related violations: <none>

PDRC-153#46 Warning
Gated clock check  
Net cycle_reg[7]_LDC_i_1_n_0 is a gated clock net sourced by a combinational pin cycle_reg[7]_LDC_i_1/O, cell cycle_reg[7]_LDC_i_1. This is not good design practice and will likely impact performance. For SLICE registers, for example, use the CE pin to control the loading of data.
Related violations: <none>

PDRC-153#47 Warning
Gated clock check  
Net cycle_reg[8]_LDC_i_1_n_0 is a gated clock net sourced by a combinational pin cycle_reg[8]_LDC_i_1/O, cell cycle_reg[8]_LDC_i_1. This is not good design practice and will likely impact performance. For SLICE registers, for example, use the CE pin to control the loading of data.
Related violations: <none>

PDRC-153#48 Warning
Gated clock check  
Net cycle_reg[9]_LDC_i_1_n_0 is a gated clock net sourced by a combinational pin cycle_reg[9]_LDC_i_1/O, cell cycle_reg[9]_LDC_i_1. This is not good design practice and will likely impact performance. For SLICE registers, for example, use the CE pin to control the loading of data.
Related violations: <none>

PDRC-153#49 Warning
Gated clock check  
Net led_state_reg[0]_LDC_i_1_n_0 is a gated clock net sourced by a combinational pin led_state_reg[0]_LDC_i_1/O, cell led_state_reg[0]_LDC_i_1. This is not good design practice and will likely impact performance. For SLICE registers, for example, use the CE pin to control the loading of data.
Related violations: <none>

PDRC-153#50 Warning
Gated clock check  
Net led_state_reg[10]_LDC_i_1_n_0 is a gated clock net sourced by a combinational pin led_state_reg[10]_LDC_i_1/O, cell led_state_reg[10]_LDC_i_1. This is not good design practice and will likely impact performance. For SLICE registers, for example, use the CE pin to control the loading of data.
Related violations: <none>

PDRC-153#51 Warning
Gated clock check  
Net led_state_reg[11]_LDC_i_1_n_0 is a gated clock net sourced by a combinational pin led_state_reg[11]_LDC_i_1/O, cell led_state_reg[11]_LDC_i_1. This is not good design practice and will likely impact performance. For SLICE registers, for example, use the CE pin to control the loading of data.
Related violations: <none>

PDRC-153#52 Warning
Gated clock check  
Net led_state_reg[12]_LDC_i_1_n_0 is a gated clock net sourced by a combinational pin led_state_reg[12]_LDC_i_1/O, cell led_state_reg[12]_LDC_i_1. This is not good design practice and will likely impact performance. For SLICE registers, for example, use the CE pin to control the loading of data.
Related violations: <none>

PDRC-153#53 Warning
Gated clock check  
Net led_state_reg[13]_LDC_i_1_n_0 is a gated clock net sourced by a combinational pin led_state_reg[13]_LDC_i_1/O, cell led_state_reg[13]_LDC_i_1. This is not good design practice and will likely impact performance. For SLICE registers, for example, use the CE pin to control the loading of data.
Related violations: <none>

PDRC-153#54 Warning
Gated clock check  
Net led_state_reg[14]_LDC_i_1_n_0 is a gated clock net sourced by a combinational pin led_state_reg[14]_LDC_i_1/O, cell led_state_reg[14]_LDC_i_1. This is not good design practice and will likely impact performance. For SLICE registers, for example, use the CE pin to control the loading of data.
Related violations: <none>

PDRC-153#55 Warning
Gated clock check  
Net led_state_reg[15]_LDC_i_1_n_0 is a gated clock net sourced by a combinational pin led_state_reg[15]_LDC_i_1/O, cell led_state_reg[15]_LDC_i_1. This is not good design practice and will likely impact performance. For SLICE registers, for example, use the CE pin to control the loading of data.
Related violations: <none>

PDRC-153#56 Warning
Gated clock check  
Net led_state_reg[1]_LDC_i_1_n_0 is a gated clock net sourced by a combinational pin led_state_reg[1]_LDC_i_1/O, cell led_state_reg[1]_LDC_i_1. This is not good design practice and will likely impact performance. For SLICE registers, for example, use the CE pin to control the loading of data.
Related violations: <none>

PDRC-153#57 Warning
Gated clock check  
Net led_state_reg[2]_LDC_i_1_n_0 is a gated clock net sourced by a combinational pin led_state_reg[2]_LDC_i_1/O, cell led_state_reg[2]_LDC_i_1. This is not good design practice and will likely impact performance. For SLICE registers, for example, use the CE pin to control the loading of data.
Related violations: <none>

PDRC-153#58 Warning
Gated clock check  
Net led_state_reg[32]_LDC_i_1_n_0 is a gated clock net sourced by a combinational pin led_state_reg[32]_LDC_i_1/O, cell led_state_reg[32]_LDC_i_1. This is not good design practice and will likely impact performance. For SLICE registers, for example, use the CE pin to control the loading of data.
Related violations: <none>

PDRC-153#59 Warning
Gated clock check  
Net led_state_reg[33]_LDC_i_1_n_0 is a gated clock net sourced by a combinational pin led_state_reg[33]_LDC_i_1/O, cell led_state_reg[33]_LDC_i_1. This is not good design practice and will likely impact performance. For SLICE registers, for example, use the CE pin to control the loading of data.
Related violations: <none>

PDRC-153#60 Warning
Gated clock check  
Net led_state_reg[34]_LDC_i_1_n_0 is a gated clock net sourced by a combinational pin led_state_reg[34]_LDC_i_1/O, cell led_state_reg[34]_LDC_i_1. This is not good design practice and will likely impact performance. For SLICE registers, for example, use the CE pin to control the loading of data.
Related violations: <none>

PDRC-153#61 Warning
Gated clock check  
Net led_state_reg[35]_LDC_i_1_n_0 is a gated clock net sourced by a combinational pin led_state_reg[35]_LDC_i_1/O, cell led_state_reg[35]_LDC_i_1. This is not good design practice and will likely impact performance. For SLICE registers, for example, use the CE pin to control the loading of data.
Related violations: <none>

PDRC-153#62 Warning
Gated clock check  
Net led_state_reg[36]_LDC_i_1_n_0 is a gated clock net sourced by a combinational pin led_state_reg[36]_LDC_i_1/O, cell led_state_reg[36]_LDC_i_1. This is not good design practice and will likely impact performance. For SLICE registers, for example, use the CE pin to control the loading of data.
Related violations: <none>

PDRC-153#63 Warning
Gated clock check  
Net led_state_reg[37]_LDC_i_1_n_0 is a gated clock net sourced by a combinational pin led_state_reg[37]_LDC_i_1/O, cell led_state_reg[37]_LDC_i_1. This is not good design practice and will likely impact performance. For SLICE registers, for example, use the CE pin to control the loading of data.
Related violations: <none>

PDRC-153#64 Warning
Gated clock check  
Net led_state_reg[38]_LDC_i_1_n_0 is a gated clock net sourced by a combinational pin led_state_reg[38]_LDC_i_1/O, cell led_state_reg[38]_LDC_i_1. This is not good design practice and will likely impact performance. For SLICE registers, for example, use the CE pin to control the loading of data.
Related violations: <none>

PDRC-153#65 Warning
Gated clock check  
Net led_state_reg[39]_LDC_i_1_n_0 is a gated clock net sourced by a combinational pin led_state_reg[39]_LDC_i_1/O, cell led_state_reg[39]_LDC_i_1. This is not good design practice and will likely impact performance. For SLICE registers, for example, use the CE pin to control the loading of data.
Related violations: <none>

PDRC-153#66 Warning
Gated clock check  
Net led_state_reg[3]_LDC_i_1_n_0 is a gated clock net sourced by a combinational pin led_state_reg[3]_LDC_i_1/O, cell led_state_reg[3]_LDC_i_1. This is not good design practice and will likely impact performance. For SLICE registers, for example, use the CE pin to control the loading of data.
Related violations: <none>

PDRC-153#67 Warning
Gated clock check  
Net led_state_reg[40]_LDC_i_1_n_0 is a gated clock net sourced by a combinational pin led_state_reg[40]_LDC_i_1/O, cell led_state_reg[40]_LDC_i_1. This is not good design practice and will likely impact performance. For SLICE registers, for example, use the CE pin to control the loading of data.
Related violations: <none>

PDRC-153#68 Warning
Gated clock check  
Net led_state_reg[41]_LDC_i_1_n_0 is a gated clock net sourced by a combinational pin led_state_reg[41]_LDC_i_1/O, cell led_state_reg[41]_LDC_i_1. This is not good design practice and will likely impact performance. For SLICE registers, for example, use the CE pin to control the loading of data.
Related violations: <none>

PDRC-153#69 Warning
Gated clock check  
Net led_state_reg[42]_LDC_i_1_n_0 is a gated clock net sourced by a combinational pin led_state_reg[42]_LDC_i_1/O, cell led_state_reg[42]_LDC_i_1. This is not good design practice and will likely impact performance. For SLICE registers, for example, use the CE pin to control the loading of data.
Related violations: <none>

PDRC-153#70 Warning
Gated clock check  
Net led_state_reg[43]_LDC_i_1_n_0 is a gated clock net sourced by a combinational pin led_state_reg[43]_LDC_i_1/O, cell led_state_reg[43]_LDC_i_1. This is not good design practice and will likely impact performance. For SLICE registers, for example, use the CE pin to control the loading of data.
Related violations: <none>

PDRC-153#71 Warning
Gated clock check  
Net led_state_reg[44]_LDC_i_1_n_0 is a gated clock net sourced by a combinational pin led_state_reg[44]_LDC_i_1/O, cell led_state_reg[44]_LDC_i_1. This is not good design practice and will likely impact performance. For SLICE registers, for example, use the CE pin to control the loading of data.
Related violations: <none>

PDRC-153#72 Warning
Gated clock check  
Net led_state_reg[45]_LDC_i_1_n_0 is a gated clock net sourced by a combinational pin led_state_reg[45]_LDC_i_1/O, cell led_state_reg[45]_LDC_i_1. This is not good design practice and will likely impact performance. For SLICE registers, for example, use the CE pin to control the loading of data.
Related violations: <none>

PDRC-153#73 Warning
Gated clock check  
Net led_state_reg[46]_LDC_i_1_n_0 is a gated clock net sourced by a combinational pin led_state_reg[46]_LDC_i_1/O, cell led_state_reg[46]_LDC_i_1. This is not good design practice and will likely impact performance. For SLICE registers, for example, use the CE pin to control the loading of data.
Related violations: <none>

PDRC-153#74 Warning
Gated clock check  
Net led_state_reg[47]_LDC_i_1_n_0 is a gated clock net sourced by a combinational pin led_state_reg[47]_LDC_i_1/O, cell led_state_reg[47]_LDC_i_1. This is not good design practice and will likely impact performance. For SLICE registers, for example, use the CE pin to control the loading of data.
Related violations: <none>

PDRC-153#75 Warning
Gated clock check  
Net led_state_reg[4]_LDC_i_1_n_0 is a gated clock net sourced by a combinational pin led_state_reg[4]_LDC_i_1/O, cell led_state_reg[4]_LDC_i_1. This is not good design practice and will likely impact performance. For SLICE registers, for example, use the CE pin to control the loading of data.
Related violations: <none>

PDRC-153#76 Warning
Gated clock check  
Net led_state_reg[5]_LDC_i_1_n_0 is a gated clock net sourced by a combinational pin led_state_reg[5]_LDC_i_1/O, cell led_state_reg[5]_LDC_i_1. This is not good design practice and will likely impact performance. For SLICE registers, for example, use the CE pin to control the loading of data.
Related violations: <none>

PDRC-153#77 Warning
Gated clock check  
Net led_state_reg[6]_LDC_i_1_n_0 is a gated clock net sourced by a combinational pin led_state_reg[6]_LDC_i_1/O, cell led_state_reg[6]_LDC_i_1. This is not good design practice and will likely impact performance. For SLICE registers, for example, use the CE pin to control the loading of data.
Related violations: <none>

PDRC-153#78 Warning
Gated clock check  
Net led_state_reg[7]_LDC_i_1_n_0 is a gated clock net sourced by a combinational pin led_state_reg[7]_LDC_i_1/O, cell led_state_reg[7]_LDC_i_1. This is not good design practice and will likely impact performance. For SLICE registers, for example, use the CE pin to control the loading of data.
Related violations: <none>

PDRC-153#79 Warning
Gated clock check  
Net led_state_reg[8]_LDC_i_1_n_0 is a gated clock net sourced by a combinational pin led_state_reg[8]_LDC_i_1/O, cell led_state_reg[8]_LDC_i_1. This is not good design practice and will likely impact performance. For SLICE registers, for example, use the CE pin to control the loading of data.
Related violations: <none>

PDRC-153#80 Warning
Gated clock check  
Net led_state_reg[9]_LDC_i_1_n_0 is a gated clock net sourced by a combinational pin led_state_reg[9]_LDC_i_1/O, cell led_state_reg[9]_LDC_i_1. This is not good design practice and will likely impact performance. For SLICE registers, for example, use the CE pin to control the loading of data.
Related violations: <none>


