Copyright 1986-2021 Xilinx, Inc. All Rights Reserved.
-----------------------------------------------------------------------------------------------------------------------------------------------------------------------------------
| Tool Version : Vivado v.2021.1 (win64) Build 3247384 Thu Jun 10 19:36:33 MDT 2021
| Date         : Fri Jan 14 15:22:25 2022
| Host         : LAPTOP-97HEA2HM running 64-bit major release  (build 9200)
| Command      : report_timing_summary -max_paths 10 -file lab8_timing_summary_routed.rpt -pb lab8_timing_summary_routed.pb -rpx lab8_timing_summary_routed.rpx -warn_on_violation
| Design       : lab8
| Device       : 7a35t-cpg236
| Speed File   : -1  PRODUCTION 1.23 2018-06-13
-----------------------------------------------------------------------------------------------------------------------------------------------------------------------------------

Timing Summary Report

------------------------------------------------------------------------------------------------
| Timer Settings
| --------------
------------------------------------------------------------------------------------------------

  Enable Multi Corner Analysis               :  Yes
  Enable Pessimism Removal                   :  Yes
  Pessimism Removal Resolution               :  Nearest Common Node
  Enable Input Delay Default Clock           :  No
  Enable Preset / Clear Arcs                 :  No
  Disable Flight Delays                      :  No
  Ignore I/O Paths                           :  No
  Timing Early Launch at Borrowing Latches   :  No
  Borrow Time for Max Delay Exceptions       :  Yes
  Merge Timing Exceptions                    :  Yes

  Corner  Analyze    Analyze    
  Name    Max Paths  Min Paths  
  ------  ---------  ---------  
  Slow    Yes        Yes        
  Fast    Yes        Yes        


------------------------------------------------------------------------------------------------
| Report Methodology
| ------------------
------------------------------------------------------------------------------------------------

Rule       Severity          Description                   Violations  
---------  ----------------  ----------------------------  ----------  
TIMING-17  Critical Warning  Non-clocked sequential cell   316         
LUTAR-1    Warning           LUT drives async reset alert  3           
TIMING-20  Warning           Non-clocked latch             32          

Note: This report is based on the most recent report_methodology run and may not be up-to-date. Run report_methodology on the current design for the latest report.



check_timing report

Table of Contents
-----------------
1. checking no_clock (763)
2. checking constant_clock (0)
3. checking pulse_width_clock (0)
4. checking unconstrained_internal_endpoints (577)
5. checking no_input_delay (12)
6. checking no_output_delay (23)
7. checking multiple_clock (0)
8. checking generated_clocks (0)
9. checking loops (0)
10. checking partial_input_delay (0)
11. checking partial_output_delay (0)
12. checking latch_loops (0)

1. checking no_clock (763)
--------------------------
 There are 236 register/latch pins with no clock driven by root clock pin: clk (HIGH)

 There are 47 register/latch pins with no clock driven by root clock pin: c16/num_reg[15]/Q (HIGH)

 There are 15 register/latch pins with no clock driven by root clock pin: nolabel_line223/num_reg[0]/Q (HIGH)

 There are 15 register/latch pins with no clock driven by root clock pin: nolabel_line223/num_reg[10]/Q (HIGH)

 There are 15 register/latch pins with no clock driven by root clock pin: nolabel_line223/num_reg[11]/Q (HIGH)

 There are 15 register/latch pins with no clock driven by root clock pin: nolabel_line223/num_reg[12]/Q (HIGH)

 There are 15 register/latch pins with no clock driven by root clock pin: nolabel_line223/num_reg[13]/Q (HIGH)

 There are 15 register/latch pins with no clock driven by root clock pin: nolabel_line223/num_reg[14]/Q (HIGH)

 There are 15 register/latch pins with no clock driven by root clock pin: nolabel_line223/num_reg[15]/Q (HIGH)

 There are 15 register/latch pins with no clock driven by root clock pin: nolabel_line223/num_reg[16]/Q (HIGH)

 There are 15 register/latch pins with no clock driven by root clock pin: nolabel_line223/num_reg[17]/Q (HIGH)

 There are 15 register/latch pins with no clock driven by root clock pin: nolabel_line223/num_reg[18]/Q (HIGH)

 There are 15 register/latch pins with no clock driven by root clock pin: nolabel_line223/num_reg[19]/Q (HIGH)

 There are 15 register/latch pins with no clock driven by root clock pin: nolabel_line223/num_reg[1]/Q (HIGH)

 There are 15 register/latch pins with no clock driven by root clock pin: nolabel_line223/num_reg[20]/Q (HIGH)

 There are 15 register/latch pins with no clock driven by root clock pin: nolabel_line223/num_reg[21]/Q (HIGH)

 There are 15 register/latch pins with no clock driven by root clock pin: nolabel_line223/num_reg[22]/Q (HIGH)

 There are 15 register/latch pins with no clock driven by root clock pin: nolabel_line223/num_reg[2]/Q (HIGH)

 There are 15 register/latch pins with no clock driven by root clock pin: nolabel_line223/num_reg[3]/Q (HIGH)

 There are 15 register/latch pins with no clock driven by root clock pin: nolabel_line223/num_reg[4]/Q (HIGH)

 There are 15 register/latch pins with no clock driven by root clock pin: nolabel_line223/num_reg[5]/Q (HIGH)

 There are 15 register/latch pins with no clock driven by root clock pin: nolabel_line223/num_reg[6]/Q (HIGH)

 There are 15 register/latch pins with no clock driven by root clock pin: nolabel_line223/num_reg[7]/Q (HIGH)

 There are 15 register/latch pins with no clock driven by root clock pin: nolabel_line223/num_reg[8]/Q (HIGH)

 There are 15 register/latch pins with no clock driven by root clock pin: nolabel_line223/num_reg[9]/Q (HIGH)

 There are 3 register/latch pins with no clock driven by root clock pin: octave_reg[0]/Q (HIGH)

 There are 3 register/latch pins with no clock driven by root clock pin: octave_reg[1]/Q (HIGH)

 There are 3 register/latch pins with no clock driven by root clock pin: octave_reg[2]/Q (HIGH)

 There are 3 register/latch pins with no clock driven by root clock pin: octave_reg[3]_rep__0/Q (HIGH)

 There are 11 register/latch pins with no clock driven by root clock pin: playerCtrl_00/ibeat_reg[10]/Q (HIGH)

 There are 11 register/latch pins with no clock driven by root clock pin: playerCtrl_00/ibeat_reg[11]/Q (HIGH)

 There are 11 register/latch pins with no clock driven by root clock pin: playerCtrl_00/ibeat_reg[9]/Q (HIGH)

 There are 14 register/latch pins with no clock driven by root clock pin: sc/clk_cnt_reg[8]/Q (HIGH)

 There are 4 register/latch pins with no clock driven by root clock pin: sev/C16/num_reg[15]/Q (HIGH)

 There are 18 register/latch pins with no clock driven by root clock pin: volume_reg[0]/Q (HIGH)

 There are 18 register/latch pins with no clock driven by root clock pin: volume_reg[1]/Q (HIGH)

 There are 18 register/latch pins with no clock driven by root clock pin: volume_reg[2]/Q (HIGH)

 There are 18 register/latch pins with no clock driven by root clock pin: volume_reg[3]/Q (HIGH)


2. checking constant_clock (0)
------------------------------
 There are 0 register/latch pins with constant_clock.


3. checking pulse_width_clock (0)
---------------------------------
 There are 0 register/latch pins which need pulse_width check


4. checking unconstrained_internal_endpoints (577)
--------------------------------------------------
 There are 577 pins that are not constrained for maximum delay. (HIGH)

 There are 0 pins that are not constrained for maximum delay due to constant clock.


5. checking no_input_delay (12)
-------------------------------
 There are 12 input ports with no input delay specified. (HIGH)

 There are 0 input ports with no input delay but user has a false path constraint.


6. checking no_output_delay (23)
--------------------------------
 There are 23 ports with no output delay specified. (HIGH)

 There are 0 ports with no output delay but user has a false path constraint

 There are 0 ports with no output delay but with a timing clock defined on it or propagating through it


7. checking multiple_clock (0)
------------------------------
 There are 0 register/latch pins with multiple clocks.


8. checking generated_clocks (0)
--------------------------------
 There are 0 generated clocks that are not connected to a clock source.


9. checking loops (0)
---------------------
 There are 0 combinational loops in the design.


10. checking partial_input_delay (0)
------------------------------------
 There are 0 input ports with partial input delay specified.


11. checking partial_output_delay (0)
-------------------------------------
 There are 0 ports with partial output delay specified.


12. checking latch_loops (0)
----------------------------
 There are 0 combinational latch loops in the design through latch input



------------------------------------------------------------------------------------------------
| Design Timing Summary
| ---------------------
------------------------------------------------------------------------------------------------

    WNS(ns)      TNS(ns)  TNS Failing Endpoints  TNS Total Endpoints      WHS(ns)      THS(ns)  THS Failing Endpoints  THS Total Endpoints     WPWS(ns)     TPWS(ns)  TPWS Failing Endpoints  TPWS Total Endpoints  
    -------      -------  ---------------------  -------------------      -------      -------  ---------------------  -------------------     --------     --------  ----------------------  --------------------  
         NA           NA                     NA                   NA           NA           NA                     NA                   NA           NA           NA                      NA                    NA  


There are no user specified timing constraints.


------------------------------------------------------------------------------------------------
| Clock Summary
| -------------
------------------------------------------------------------------------------------------------


------------------------------------------------------------------------------------------------
| Intra Clock Table
| -----------------
------------------------------------------------------------------------------------------------

Clock             WNS(ns)      TNS(ns)  TNS Failing Endpoints  TNS Total Endpoints      WHS(ns)      THS(ns)  THS Failing Endpoints  THS Total Endpoints     WPWS(ns)     TPWS(ns)  TPWS Failing Endpoints  TPWS Total Endpoints  
-----             -------      -------  ---------------------  -------------------      -------      -------  ---------------------  -------------------     --------     --------  ----------------------  --------------------  


------------------------------------------------------------------------------------------------
| Inter Clock Table
| -----------------
------------------------------------------------------------------------------------------------

From Clock    To Clock          WNS(ns)      TNS(ns)  TNS Failing Endpoints  TNS Total Endpoints      WHS(ns)      THS(ns)  THS Failing Endpoints  THS Total Endpoints  
----------    --------          -------      -------  ---------------------  -------------------      -------      -------  ---------------------  -------------------  


------------------------------------------------------------------------------------------------
| Other Path Groups Table
| -----------------------
------------------------------------------------------------------------------------------------

Path Group    From Clock    To Clock          WNS(ns)      TNS(ns)  TNS Failing Endpoints  TNS Total Endpoints      WHS(ns)      THS(ns)  THS Failing Endpoints  THS Total Endpoints  
----------    ----------    --------          -------      -------  ---------------------  -------------------      -------      -------  ---------------------  -------------------  


------------------------------------------------------------------------------------------------
| Timing Details
| --------------
------------------------------------------------------------------------------------------------


