#-----------------------------------------------------------
# Vivado v2021.1 (64-bit)
# SW Build 3247384 on Thu Jun 10 19:36:33 MDT 2021
# IP Build 3246043 on Fri Jun 11 00:30:35 MDT 2021
# Start of session at: Wed Dec 15 14:55:07 2021
# Process ID: 23040
# Current directory: C:/Users/vince/Desktop/Vivado/display_sample
# Command line: vivado.exe -gui_launcher_event rodinguilauncherevent19340 C:\Users\vince\Desktop\Vivado\display_sample\display_sample.xpr
# Log file: C:/Users/vince/Desktop/Vivado/display_sample/vivado.log
# Journal file: C:/Users/vince/Desktop/Vivado/display_sample\vivado.jou
#-----------------------------------------------------------
start_gui
open_project C:/Users/vince/Desktop/Vivado/display_sample/display_sample.xpr
WARNING: [filemgmt 56-3] Default IP Output Path : Could not find the directory 'C:/Users/vince/Desktop/Vivado/display_sample/display_sample.gen/sources_1'.
Scanning sources...
Finished scanning sources
INFO: [IP_Flow 19-234] Refreshing IP repositories
INFO: [IP_Flow 19-1704] No user IP repositories specified
INFO: [IP_Flow 19-2313] Loaded Vivado IP repository 'C:/Xilinx/Vivado/2021.1/data/ip'.
open_project: Time (s): cpu = 00:00:15 ; elapsed = 00:00:08 . Memory (MB): peak = 1117.566 ; gain = 0.000
update_compile_order -fileset sources_1
exit
INFO: [Common 17-206] Exiting Vivado at Wed Dec 15 14:56:20 2021...
